-------------------------------------------------------------------------------
Test set: parabank.runners.CucumberTestSuite
-------------------------------------------------------------------------------
Tests run: 1, Failures: 0, Errors: 1, Skipped: 0, Time elapsed: 18.74 s <<< FAILURE! -- in parabank.runners.CucumberTestSuite
Flujo E2E ParaBank - registro, login, retiro y transferencia.Usuario se registra, inicia sesiÃ³n, realiza retiro y transfiere fondos -- Time elapsed: 17.31 s <<< ERROR!
net.thucydides.core.webdriver.exceptions.ElementShouldBePresentException: 
Expected condition failed: waiting for By.cssSelector: a[href*='openaccount.htm'] to be present (tried for 5 second(s) with 100 milliseconds interval)
Build info: version: '4.39.0', revision: '126f156aee'
System info: os.name: 'Windows 11', os.arch: 'amd64', os.version: '10.0', java.version: '17.0.17'
Driver info: driver.version: unknown
	at net.serenitybdd.core.pages.WebElementFacadeImpl.throwShouldBePresentErrorWithCauseIfPresent(WebElementFacadeImpl.java:1038)
	at net.serenitybdd.core.pages.WebElementFacadeImpl.waitUntilPresent(WebElementFacadeImpl.java:1011)
	at net.serenitybdd.core.pages.WebElementFacadeImpl.waitUntilElementPresent(WebElementFacadeImpl.java:914)
	at net.serenitybdd.core.pages.WebElementFacadeImpl.click(WebElementFacadeImpl.java:1223)
	at net.serenitybdd.screenplay.actions.ClickOnTarget.performAs(ClickOnTarget.java:13)
	at net.serenitybdd.screenplay.actions.ClickOnTarget$ByteBuddy$aE8rPjKl.performAs$accessor$66QvtmRO(Unknown Source)
	at java.base/java.lang.reflect.Method.invoke(Method.java:569)
	at net.thucydides.core.steps.StepInterceptor.invokeMethod(StepInterceptor.java:545)
	at net.thucydides.core.steps.StepInterceptor.executeTestStepMethod(StepInterceptor.java:525)
	at net.thucydides.core.steps.StepInterceptor.runTestStep(StepInterceptor.java:492)
	at net.thucydides.core.steps.StepInterceptor.runOrSkipMethod(StepInterceptor.java:234)
	at net.thucydides.core.steps.StepInterceptor.testStepResult(StepInterceptor.java:205)
	at net.thucydides.core.steps.StepInterceptor.intercept(StepInterceptor.java:93)
	at net.thucydides.core.steps.ProxyConfiguration$InterceptorDispatcher.intercept(ProxyConfiguration.java:51)
	at net.serenitybdd.screenplay.actions.ClickOnTarget$ByteBuddy$aE8rPjKl.performAs(Unknown Source)
	at net.serenitybdd.screenplay.Actor.performTask(Actor.java:299)
	at net.serenitybdd.screenplay.Actor.perform(Actor.java:274)
	at net.serenitybdd.screenplay.Actor.attemptsTo(Actor.java:215)
	at net.serenitybdd.screenplay.Actor.attemptsTo(Actor.java:222)
	at parabank.stepdefinitions.ParabankStepDefinitions.transfiere(ParabankStepDefinitions.java:72)
	at âœ½.transfiere "15.6" desde la primera cuenta a la segunda(classpath:features/parabanke2e.feature:6)
Caused by: org.openqa.selenium.TimeoutException: Expected condition failed: waiting for By.cssSelector: a[href*='openaccount.htm'] to be present (tried for 5 second(s) with 100 milliseconds interval)
Build info: version: '4.39.0', revision: '126f156aee'
System info: os.name: 'Windows 11', os.arch: 'amd64', os.version: '10.0', java.version: '17.0.17'
Driver info: driver.version: unknown
	at org.openqa.selenium.support.ui.FluentWait.timeoutException(FluentWait.java:265)
	at org.openqa.selenium.support.ui.FluentWait.until(FluentWait.java:228)
	at net.serenitybdd.core.pages.WebElementFacadeImpl.waitUntilPresent(WebElementFacadeImpl.java:1008)
	... 19 more

