<?xml version="1.0" encoding="UTF-8"?>
<testsuite xmlns:xsi="http://www.w3.org/2001/XMLSchema-instance" xsi:noNamespaceSchemaLocation="https://maven.apache.org/surefire/maven-failsafe-plugin/xsd/failsafe-test-report-3.0.xsd" version="3.0" name="parabank.runners.CucumberTestSuite" time="18.738" tests="1" errors="1" skipped="0" failures="0">
  <properties>
[...]
</properties>
  <testcase name="Usuario se registra, inicia sesión, realiza retiro y transfiere fondos" classname="Flujo E2E ParaBank - registro, login, retiro y transferencia" time="17.312">
    <error message="Expected condition failed: waiting for By.cssSelector: a[href*=&apos;openaccount.htm&apos;] to be present (tried for 5 second(s) with 100 milliseconds interval)&#10;Build info: version: &apos;4.39.0&apos;, revision: &apos;126f156aee&apos;&#10;System info: os.name: &apos;Windows 11&apos;, os.arch: &apos;amd64&apos;, os.version: &apos;10.0&apos;, java.version: &apos;17.0.17&apos;&#10;Driver info: driver.version: unknown" type="net.thucydides.core.webdriver.exceptions.ElementShouldBePresentException"><![CDATA[net.thucydides.core.webdriver.exceptions.ElementShouldBePresentException: 
Expected condition failed: waiting for By.cssSelector: a[href*='openaccount.htm'] to be present (tried for 5 second(s) with 100 milliseconds interval)
Build info: version: '4.39.0', revision: '126f156aee'
System info: os.name: 'Windows 11', os.arch: 'amd64', os.version: '10.0', java.version: '17.0.17'
Driver info: driver.version: unknown
	at net.serenitybdd.core.pages.WebElementFacadeImpl.throwShouldBePresentErrorWithCauseIfPresent(WebElementFacadeImpl.java:1038)
	at net.serenitybdd.core.pages.WebElementFacadeImpl.waitUntilPresent(WebElementFacadeImpl.java:1011)
	at net.serenitybdd.core.pages.WebElementFacadeImpl.waitUntilElementPresent(WebElementFacadeImpl.java:914)
	at net.serenitybdd.core.pages.WebElementFacadeImpl.click(WebElementFacadeImpl.java:1223)
	at net.serenitybdd.screenplay.actions.ClickOnTarget.performAs(ClickOnTarget.java:13)
	at net.serenitybdd.screenplay.actions.ClickOnTarget$ByteBuddy$aE8rPjKl.performAs$accessor$66QvtmRO(Unknown Source)
	at java.base/java.lang.reflect.Method.invoke(Method.java:569)
	at net.thucydides.core.steps.StepInterceptor.invokeMethod(StepInterceptor.java:545)
	at net.thucydides.core.steps.StepInterceptor.executeTestStepMethod(StepInterceptor.java:525)
	at net.thucydides.core.steps.StepInterceptor.runTestStep(StepInterceptor.java:492)
	at net.thucydides.core.steps.StepInterceptor.runOrSkipMethod(StepInterceptor.java:234)
	at net.thucydides.core.steps.StepInterceptor.testStepResult(StepInterceptor.java:205)
	at net.thucydides.core.steps.StepInterceptor.intercept(StepInterceptor.java:93)
	at net.thucydides.core.steps.ProxyConfiguration$InterceptorDispatcher.intercept(ProxyConfiguration.java:51)
	at net.serenitybdd.screenplay.actions.ClickOnTarget$ByteBuddy$aE8rPjKl.performAs(Unknown Source)
	at net.serenitybdd.screenplay.Actor.performTask(Actor.java:299)
	at net.serenitybdd.screenplay.Actor.perform(Actor.java:274)
	at net.serenitybdd.screenplay.Actor.attemptsTo(Actor.java:215)
	at net.serenitybdd.screenplay.Actor.attemptsTo(Actor.java:222)
	at parabank.stepdefinitions.ParabankStepDefinitions.transfiere(ParabankStepDefinitions.java:72)
	at ✽.transfiere "15.6" desde la primera cuenta a la segunda(classpath:features/parabanke2e.feature:6)
Caused by: org.openqa.selenium.TimeoutException: Expected condition failed: waiting for By.cssSelector: a[href*='openaccount.htm'] to be present (tried for 5 second(s) with 100 milliseconds interval)
Build info: version: '4.39.0', revision: '126f156aee'
System info: os.name: 'Windows 11', os.arch: 'amd64', os.version: '10.0', java.version: '17.0.17'
Driver info: driver.version: unknown
	at org.openqa.selenium.support.ui.FluentWait.timeoutException(FluentWait.java:265)
	at org.openqa.selenium.support.ui.FluentWait.until(FluentWait.java:228)
	at net.serenitybdd.core.pages.WebElementFacadeImpl.waitUntilPresent(WebElementFacadeImpl.java:1008)
	... 19 more
]]></error>
    <system-out><![CDATA[17:29:19.965 [main] DEBUG net.serenitybdd.cucumber.core.plugin.SerenityReporterParallel - SRP:handleTestRunStarted Thread[main,5,main] 
17:29:20.255 [main] DEBUG net.serenitybdd.cucumber.core.plugin.SerenityReporterParallel - SRP:handleTestSourceRead Thread[main,5,main]
17:29:20.255 [main] DEBUG net.serenitybdd.cucumber.core.plugin.SerenityReporterParallel - Running feature from classpath:features/parabanke2e.feature
17:29:20.325 [main] INFO net.thucydides.model.logging.ConsoleLoggingListener - 

-------------------------------------------------------------------------------------
     _______. _______ .______       _______ .__   __.  __  .___________.____    ____ 
    /       ||   ____||   _  \     |   ____||  \ |  | |  | |           |\   \  /   / 
   |   (----`|  |__   |  |_)  |    |  |__   |   \|  | |  | `---|  |----` \   \/   /  
    \   \    |   __|  |      /     |   __|  |  . `  | |  |     |  |       \_    _/   
.----)   |   |  |____ |  |\  \----.|  |____ |  |\   | |  |     |  |         |  |     
|_______/    |_______|| _| `._____||_______||__| \__| |__|     |__|         |__|    
                                                                                     
 News and tutorials at https://serenity-bdd.info                                     
 Documentation at https://serenity-bdd.github.io                                     
 Test Automation Training and Coaching: https://www.serenity-dojo.com                
 Commercial Support: https://www.serenity-dojo.com/serenity-bdd-enterprise-support   
 Join the Serenity Community on Gitter: https://gitter.im/serenity-bdd/serenity-core 
-------------------------------------------------------------------------------------

17:29:20.330 [main] DEBUG net.thucydides.core.steps.StepEventBus - Test suite started for story net.thucydides.model.domain.Story@671a2df5
17:29:20.331 [main] INFO net.thucydides.model.logging.ConsoleLoggingListener - Test Suite Started: Flujo E2E ParaBank - registro, login, retiro y transferencia
17:29:20.543 [main] DEBUG net.serenitybdd.cucumber.core.plugin.SerenityReporterParallel - SRP:handleTestCaseStarted classpath:features/parabanke2e.feature Thread[main,5,main] fb037a81-c581-48de-aa7a-79b9601c29ea at line 3
17:29:20.547 [main] DEBUG net.thucydides.core.steps.session.TestSession - SRP:SessionStart: id fb037a81-c581-48de-aa7a-79b9601c29ea
17:29:20.550 [main] DEBUG net.serenitybdd.cucumber.core.plugin.SerenityReporterParallel - Running feature from classpath:features/parabanke2e.feature
17:29:20.552 [main] DEBUG net.serenitybdd.cucumber.core.plugin.ScenarioContextParallel - SRP:addHighPriorityStepEventBusEvent net.thucydides.core.steps.events.SetTestSourceEvent@277bf091 Thread[main,5,main] Flujo E2E ParaBank - registro, login, retiro y transferencia;usuario-se-registra--inicia-sesión--realiza-retiro-y-transfiere-fondos
17:29:20.556 [main] DEBUG net.serenitybdd.cucumber.core.plugin.SerenityReporterParallel - SRP:startScenario classpath:features/parabanke2e.feature Thread[main,5,main] fb037a81-c581-48de-aa7a-79b9601c29ea at line 3
17:29:20.559 [main] DEBUG net.serenitybdd.cucumber.core.plugin.ScenarioContextParallel - SRP:addHighPriorityStepEventBusEvent EventBusEvent TEST_STARTED_EVENT with name Usuario se registra, inicia sesión, realiza retiro y transfiere fondos flujo-e2e-parabank---registro--login--retiro-y-transferencia;usuario-se-registra--inicia-sesión--realiza-retiro-y-transfiere-fondos Thread[main,5,main] Flujo E2E ParaBank - registro, login, retiro y transferencia;usuario-se-registra--inicia-sesión--realiza-retiro-y-transfiere-fondos
17:29:20.560 [main] DEBUG net.thucydides.core.steps.session.TestSession - SRP:SessionAddEvent: id fb037a81-c581-48de-aa7a-79b9601c29ea net.thucydides.core.steps.events.AddDescriptionToCurrentTestEvent@210308d5
17:29:20.561 [main] DEBUG net.thucydides.core.steps.session.TestSession - SRP:SessionAddEvent: id fb037a81-c581-48de-aa7a-79b9601c29ea EventBusEvent ADD_TAGS_TO_CURRENT_TEST_EVENT []
17:29:20.562 [main] DEBUG net.thucydides.core.steps.session.TestSession - SRP:SessionAddEvent: id fb037a81-c581-48de-aa7a-79b9601c29ea EventBusEvent ADD_TAGS_TO_CURRENT_TEST_EVENT []
17:29:20.563 [main] DEBUG net.thucydides.core.steps.session.TestSession - SRP:SessionAddEvent: id fb037a81-c581-48de-aa7a-79b9601c29ea EventBusEvent ADD_TAGS_TO_CURRENT_TEST_EVENT []

&amp#27;[1mScenario:&amp#27;[22m Usuario se registra, inicia sesiÃ³n, realiza retiro y transfiere fondos &amp#27;[90m# classpath:features/parabanke2e.feature:3&amp#27;[39m
17:29:20.571 [main] DEBUG net.serenitybdd.cucumber.core.plugin.SerenityReporterParallel - SRP:handleTestStepStarted  classpath:features/parabanke2e.feature Thread[main,5,main] fb037a81-c581-48de-aa7a-79b9601c29ea at line 3
17:29:21.095 [main] DEBUG net.thucydides.core.steps.session.TestSession - SRP:SessionAddEvent: id fb037a81-c581-48de-aa7a-79b9601c29ea net.thucydides.core.steps.events.CastActorEvent@6435fa1c
17:29:21.149 [main] DEBUG net.thucydides.core.steps.StepInterceptor - SRP:Actor started step in session EventBusEvent STEP_STARTED_EVENT Qa navigate to Qa navigate to Thread[main,5,main]
17:29:21.149 [main] DEBUG net.thucydides.core.steps.session.TestSession - SRP:SessionAddEvent: id fb037a81-c581-48de-aa7a-79b9601c29ea EventBusEvent STEP_STARTED_EVENT Qa navigate to Qa navigate to
17:29:21.153 [main] DEBUG net.thucydides.core.steps.StepInterceptor - STARTING STEP: ParabankStepDefinitions.setup - performAs
17:29:21.168 [main] DEBUG net.thucydides.core.steps.session.TestSession - SRP:SessionAddEvent: id fb037a81-c581-48de-aa7a-79b9601c29ea net.thucydides.core.steps.events.CastActorEvent@7412a438
17:29:21.175 [main] DEBUG net.thucydides.core.steps.StepInterceptor - SRP:Actor started step in session EventBusEvent STEP_STARTED_EVENT Qa open url QA opens the browser at https://parabank.parasoft.com/parabank/ Thread[main,5,main]
17:29:21.175 [main] DEBUG net.thucydides.core.steps.session.TestSession - SRP:SessionAddEvent: id fb037a81-c581-48de-aa7a-79b9601c29ea EventBusEvent STEP_STARTED_EVENT Qa open url QA opens the browser at https://parabank.parasoft.com/parabank/
17:29:21.176 [main] DEBUG net.thucydides.core.steps.StepInterceptor - STARTING STEP: NavigateTo.performAs - {0} opens the browser at #url
17:29:21.268 [main] INFO net.serenitybdd.core.webdriver.driverproviders.ChromeDriverProvider - Starting Chrome driver instance with capabilities:
17:29:21.269 [main] INFO net.serenitybdd.core.webdriver.driverproviders.ChromeDriverProvider - Capabilities {acceptInsecureCerts: false, browserName: chrome, goog:chromeOptions: {args: [remote-allow-origins=*], extensions: []}}
17:29:24.204 [main] DEBUG net.thucydides.core.steps.StepInterceptor - SRP:Actor finished step in session Thread[main,5,main]
17:29:24.241 [main] DEBUG net.serenitybdd.core.photography.Darkroom - Opening darkroom
17:29:24.242 [Darkroom Processing Line] DEBUG net.serenitybdd.core.photography.DarkroomProcessingLine - Darkroom processing line starting up
17:29:24.563 [main] DEBUG net.serenitybdd.core.photography.Darkroom - Send negative for processing for C:\Users\adria\Desktop\Softka TH\RT\e2eParabank\target\site\serenity\130ae5f8609e3faa8d5e95c5e2970adf19a5cbc384dab6b9cb7111cacf739ca8.png
17:29:24.563 [Darkroom Processing Line] DEBUG net.serenitybdd.core.photography.DarkroomProcessingLine - Processing screenshot image in /var/screenshots/screenshot-8449997496436152959
17:29:24.564 [Darkroom Processing Line] DEBUG net.serenitybdd.core.photography.DarkroomProcessingLine - Saving screenshot to C:\Users\adria\Desktop\Softka TH\RT\e2eParabank\target\site\serenity\130ae5f8609e3faa8d5e95c5e2970adf19a5cbc384dab6b9cb7111cacf739ca8.png
17:29:24.566 [main] DEBUG net.thucydides.core.steps.session.TestSession - SRP:SessionAddEvent: id fb037a81-c581-48de-aa7a-79b9601c29ea EventBusEvent STEP_FINISHED_EVENT 
17:29:24.566 [main] DEBUG net.thucydides.core.steps.StepInterceptor - STEP DONE: {0} opens the browser at #url
17:29:24.570 [main] DEBUG net.thucydides.core.steps.session.TestSession - SRP:SessionAddEvent: id fb037a81-c581-48de-aa7a-79b9601c29ea EventBusEvent UPDATE_OVERALL_EVENTS 
17:29:24.571 [main] DEBUG net.thucydides.core.steps.StepInterceptor - SRP:Actor finished step in session Thread[main,5,main]
17:29:24.582 [main] DEBUG net.thucydides.core.steps.session.TestSession - SRP:SessionAddEvent: id fb037a81-c581-48de-aa7a-79b9601c29ea EventBusEvent STEP_FINISHED_EVENT 
17:29:24.582 [main] DEBUG net.thucydides.core.steps.StepInterceptor - STEP DONE: performAs
17:29:24.582 [main] DEBUG net.thucydides.core.steps.session.TestSession - SRP:SessionAddEvent: id fb037a81-c581-48de-aa7a-79b9601c29ea EventBusEvent UPDATE_OVERALL_EVENTS 
17:29:24.583 [main] DEBUG net.serenitybdd.cucumber.core.plugin.SerenityReporterParallel - SRP:handleTestStepFinished  classpath:features/parabanke2e.feature Thread[main,5,main] fb037a81-c581-48de-aa7a-79b9601c29ea at line 3
17:29:24.586 [main] DEBUG net.serenitybdd.cucumber.core.plugin.SerenityReporterParallel - SRP:handleTestStepStarted  classpath:features/parabanke2e.feature Thread[main,5,main] fb037a81-c581-48de-aa7a-79b9601c29ea at line 3
17:29:24.587 [main] DEBUG net.thucydides.core.steps.session.TestSession - SRP:SessionAddEvent: id fb037a81-c581-48de-aa7a-79b9601c29ea EventBusEvent STEP_STARTED_EVENT Given el usuario se registra en ParaBank con datos válidos Given el usuario se registra en ParaBank con datos válidos
17:29:24.588 [main] DEBUG net.thucydides.core.steps.session.TestSession - SRP:SessionAddEvent: id fb037a81-c581-48de-aa7a-79b9601c29ea net.thucydides.core.steps.events.UpdateCurrentStepTitleEvent@27bc1d44
17:29:24.597 [main] DEBUG net.thucydides.core.steps.session.TestSession - SRP:SessionAddEvent: id fb037a81-c581-48de-aa7a-79b9601c29ea net.thucydides.core.steps.events.CastActorEvent@28554ac8
17:29:24.598 [main] DEBUG net.thucydides.core.steps.StepInterceptor - SRP:Actor started step in session EventBusEvent STEP_STARTED_EVENT Qa register Qa register Thread[main,5,main]
17:29:24.598 [main] DEBUG net.thucydides.core.steps.session.TestSession - SRP:SessionAddEvent: id fb037a81-c581-48de-aa7a-79b9601c29ea EventBusEvent STEP_STARTED_EVENT Qa register Qa register
17:29:24.599 [main] DEBUG net.thucydides.core.steps.StepInterceptor - STARTING STEP: ParabankStepDefinitions.elUsuarioSeRegistra - performAs
17:29:24.648 [main] DEBUG net.thucydides.core.steps.session.TestSession - SRP:SessionAddEvent: id fb037a81-c581-48de-aa7a-79b9601c29ea net.thucydides.core.steps.events.CastActorEvent@537ca28e
17:29:24.649 [main] DEBUG net.thucydides.core.steps.StepInterceptor - SRP:Actor started step in session EventBusEvent STEP_STARTED_EVENT Qa click on target QA clicks on link Register Thread[main,5,main]
17:29:24.649 [main] DEBUG net.thucydides.core.steps.session.TestSession - SRP:SessionAddEvent: id fb037a81-c581-48de-aa7a-79b9601c29ea EventBusEvent STEP_STARTED_EVENT Qa click on target QA clicks on link Register
17:29:24.650 [main] DEBUG net.thucydides.core.steps.StepInterceptor - STARTING STEP: Register.performAs - {0} clicks on #target
17:29:24.659 [main] DEBUG net.serenitybdd.screenplay.targets.IFrameSwitcher - default content already selected for link Register
17:29:25.167 [main] DEBUG net.thucydides.core.steps.StepInterceptor - SRP:Actor finished step in session Thread[main,5,main]
17:29:25.280 [main] DEBUG net.serenitybdd.core.photography.Darkroom - Send negative for processing for C:\Users\adria\Desktop\Softka TH\RT\e2eParabank\target\site\serenity\127c7cd45da60b172d6d2f2fa7d5e8a03999450c0838ce8cb04e53a7f32a19d9.png
17:29:25.280 [main] DEBUG net.thucydides.core.steps.session.TestSession - SRP:SessionAddEvent: id fb037a81-c581-48de-aa7a-79b9601c29ea EventBusEvent STEP_FINISHED_EVENT 
17:29:25.280 [Darkroom Processing Line] DEBUG net.serenitybdd.core.photography.DarkroomProcessingLine - Processing screenshot image in /var/screenshots/screenshot-8567922173341043311
17:29:25.280 [main] DEBUG net.thucydides.core.steps.StepInterceptor - STEP DONE: {0} clicks on #target
17:29:25.280 [Darkroom Processing Line] DEBUG net.serenitybdd.core.photography.DarkroomProcessingLine - Saving screenshot to C:\Users\adria\Desktop\Softka TH\RT\e2eParabank\target\site\serenity\127c7cd45da60b172d6d2f2fa7d5e8a03999450c0838ce8cb04e53a7f32a19d9.png
17:29:25.280 [main] DEBUG net.thucydides.core.steps.session.TestSession - SRP:SessionAddEvent: id fb037a81-c581-48de-aa7a-79b9601c29ea EventBusEvent UPDATE_OVERALL_EVENTS 
17:29:25.282 [main] DEBUG net.thucydides.core.steps.session.TestSession - SRP:SessionAddEvent: id fb037a81-c581-48de-aa7a-79b9601c29ea net.thucydides.core.steps.events.CastActorEvent@18715bb
17:29:25.283 [main] DEBUG net.thucydides.core.steps.StepInterceptor - SRP:Actor started step in session EventBusEvent STEP_STARTED_EVENT Qa enter value into target QA enters 'QA' into First Name Thread[main,5,main]
17:29:25.283 [main] DEBUG net.thucydides.core.steps.session.TestSession - SRP:SessionAddEvent: id fb037a81-c581-48de-aa7a-79b9601c29ea EventBusEvent STEP_STARTED_EVENT Qa enter value into target QA enters 'QA' into First Name
17:29:25.283 [main] DEBUG net.thucydides.core.steps.StepInterceptor - STARTING STEP: Register.performAs - {0} enters #theTextAsAString into #target
17:29:25.291 [main] DEBUG net.serenitybdd.screenplay.targets.IFrameSwitcher - default content already selected for First Name
17:29:25.411 [main] DEBUG net.thucydides.core.steps.StepInterceptor - SRP:Actor finished step in session Thread[main,5,main]
17:29:25.537 [main] DEBUG net.serenitybdd.core.photography.Darkroom - Send negative for processing for C:\Users\adria\Desktop\Softka TH\RT\e2eParabank\target\site\serenity\18652f54dc81999e017c97d0857e88d3f5620f241ea298a1d0f846e7f3ecbaae.png
17:29:25.537 [Darkroom Processing Line] DEBUG net.serenitybdd.core.photography.DarkroomProcessingLine - Processing screenshot image in /var/screenshots/screenshot-5127515326527819395
17:29:25.537 [main] DEBUG net.thucydides.core.steps.session.TestSession - SRP:SessionAddEvent: id fb037a81-c581-48de-aa7a-79b9601c29ea EventBusEvent STEP_FINISHED_EVENT 
17:29:25.538 [Darkroom Processing Line] DEBUG net.serenitybdd.core.photography.DarkroomProcessingLine - Saving screenshot to C:\Users\adria\Desktop\Softka TH\RT\e2eParabank\target\site\serenity\18652f54dc81999e017c97d0857e88d3f5620f241ea298a1d0f846e7f3ecbaae.png
17:29:25.538 [main] DEBUG net.thucydides.core.steps.StepInterceptor - STEP DONE: {0} enters #theTextAsAString into #target
17:29:25.538 [main] DEBUG net.thucydides.core.steps.session.TestSession - SRP:SessionAddEvent: id fb037a81-c581-48de-aa7a-79b9601c29ea EventBusEvent UPDATE_OVERALL_EVENTS 
17:29:25.539 [main] DEBUG net.thucydides.core.steps.session.TestSession - SRP:SessionAddEvent: id fb037a81-c581-48de-aa7a-79b9601c29ea net.thucydides.core.steps.events.CastActorEvent@3d033453
17:29:25.540 [main] DEBUG net.thucydides.core.steps.StepInterceptor - SRP:Actor started step in session EventBusEvent STEP_STARTED_EVENT Qa enter value into target QA enters 'Automation' into Last Name Thread[main,5,main]
17:29:25.540 [main] DEBUG net.thucydides.core.steps.session.TestSession - SRP:SessionAddEvent: id fb037a81-c581-48de-aa7a-79b9601c29ea EventBusEvent STEP_STARTED_EVENT Qa enter value into target QA enters 'Automation' into Last Name
17:29:25.540 [main] DEBUG net.thucydides.core.steps.StepInterceptor - STARTING STEP: Register.performAs - {0} enters #theTextAsAString into #target
17:29:25.546 [main] DEBUG net.serenitybdd.screenplay.targets.IFrameSwitcher - default content already selected for Last Name
17:29:25.675 [main] DEBUG net.thucydides.core.steps.StepInterceptor - SRP:Actor finished step in session Thread[main,5,main]
17:29:25.785 [main] DEBUG net.serenitybdd.core.photography.Darkroom - Send negative for processing for C:\Users\adria\Desktop\Softka TH\RT\e2eParabank\target\site\serenity\ea451383de5f83ed834b3f2ab3d4d5e28cc8529b3362c5c6f6e99800cbba04b9.png
17:29:25.785 [main] DEBUG net.thucydides.core.steps.session.TestSession - SRP:SessionAddEvent: id fb037a81-c581-48de-aa7a-79b9601c29ea EventBusEvent STEP_FINISHED_EVENT 
17:29:25.785 [Darkroom Processing Line] DEBUG net.serenitybdd.core.photography.DarkroomProcessingLine - Processing screenshot image in /var/screenshots/screenshot-5150114863017258293
17:29:25.786 [main] DEBUG net.thucydides.core.steps.StepInterceptor - STEP DONE: {0} enters #theTextAsAString into #target
17:29:25.786 [Darkroom Processing Line] DEBUG net.serenitybdd.core.photography.DarkroomProcessingLine - Saving screenshot to C:\Users\adria\Desktop\Softka TH\RT\e2eParabank\target\site\serenity\ea451383de5f83ed834b3f2ab3d4d5e28cc8529b3362c5c6f6e99800cbba04b9.png
17:29:25.786 [main] DEBUG net.thucydides.core.steps.session.TestSession - SRP:SessionAddEvent: id fb037a81-c581-48de-aa7a-79b9601c29ea EventBusEvent UPDATE_OVERALL_EVENTS 
17:29:25.786 [main] DEBUG net.thucydides.core.steps.session.TestSession - SRP:SessionAddEvent: id fb037a81-c581-48de-aa7a-79b9601c29ea net.thucydides.core.steps.events.CastActorEvent@505f45cc
17:29:25.787 [main] DEBUG net.thucydides.core.steps.StepInterceptor - SRP:Actor started step in session EventBusEvent STEP_STARTED_EVENT Qa enter value into target QA enters '123 Main St' into Address Thread[main,5,main]
17:29:25.788 [main] DEBUG net.thucydides.core.steps.session.TestSession - SRP:SessionAddEvent: id fb037a81-c581-48de-aa7a-79b9601c29ea EventBusEvent STEP_STARTED_EVENT Qa enter value into target QA enters '123 Main St' into Address
17:29:25.788 [main] DEBUG net.thucydides.core.steps.StepInterceptor - STARTING STEP: Register.performAs - {0} enters #theTextAsAString into #target
17:29:25.793 [main] DEBUG net.serenitybdd.screenplay.targets.IFrameSwitcher - default content already selected for Address
17:29:25.926 [main] DEBUG net.thucydides.core.steps.StepInterceptor - SRP:Actor finished step in session Thread[main,5,main]
17:29:26.038 [main] DEBUG net.serenitybdd.core.photography.Darkroom - Send negative for processing for C:\Users\adria\Desktop\Softka TH\RT\e2eParabank\target\site\serenity\a9d95d898679e84e49d3b0a62bcb04447c787b9feb5f31c5f0d319c61b4ccce8.png
17:29:26.038 [main] DEBUG net.thucydides.core.steps.session.TestSession - SRP:SessionAddEvent: id fb037a81-c581-48de-aa7a-79b9601c29ea EventBusEvent STEP_FINISHED_EVENT 
17:29:26.038 [Darkroom Processing Line] DEBUG net.serenitybdd.core.photography.DarkroomProcessingLine - Processing screenshot image in /var/screenshots/screenshot-15778659606561853301
17:29:26.038 [main] DEBUG net.thucydides.core.steps.StepInterceptor - STEP DONE: {0} enters #theTextAsAString into #target
17:29:26.038 [Darkroom Processing Line] DEBUG net.serenitybdd.core.photography.DarkroomProcessingLine - Saving screenshot to C:\Users\adria\Desktop\Softka TH\RT\e2eParabank\target\site\serenity\a9d95d898679e84e49d3b0a62bcb04447c787b9feb5f31c5f0d319c61b4ccce8.png
17:29:26.039 [main] DEBUG net.thucydides.core.steps.session.TestSession - SRP:SessionAddEvent: id fb037a81-c581-48de-aa7a-79b9601c29ea EventBusEvent UPDATE_OVERALL_EVENTS 
17:29:26.041 [main] DEBUG net.thucydides.core.steps.session.TestSession - SRP:SessionAddEvent: id fb037a81-c581-48de-aa7a-79b9601c29ea net.thucydides.core.steps.events.CastActorEvent@5c5f0edc
17:29:26.042 [main] DEBUG net.thucydides.core.steps.StepInterceptor - SRP:Actor started step in session EventBusEvent STEP_STARTED_EVENT Qa enter value into target QA enters 'Quito' into City Thread[main,5,main]
17:29:26.043 [main] DEBUG net.thucydides.core.steps.session.TestSession - SRP:SessionAddEvent: id fb037a81-c581-48de-aa7a-79b9601c29ea EventBusEvent STEP_STARTED_EVENT Qa enter value into target QA enters 'Quito' into City
17:29:26.043 [main] DEBUG net.thucydides.core.steps.StepInterceptor - STARTING STEP: Register.performAs - {0} enters #theTextAsAString into #target
17:29:26.049 [main] DEBUG net.serenitybdd.screenplay.targets.IFrameSwitcher - default content already selected for City
17:29:26.169 [main] DEBUG net.thucydides.core.steps.StepInterceptor - SRP:Actor finished step in session Thread[main,5,main]
17:29:26.278 [main] DEBUG net.serenitybdd.core.photography.Darkroom - Send negative for processing for C:\Users\adria\Desktop\Softka TH\RT\e2eParabank\target\site\serenity\ef9b91887faa8416920114a56e9025903419a7cda85c6aec4960b640a50208ba.png
17:29:26.278 [main] DEBUG net.thucydides.core.steps.session.TestSession - SRP:SessionAddEvent: id fb037a81-c581-48de-aa7a-79b9601c29ea EventBusEvent STEP_FINISHED_EVENT 
17:29:26.278 [main] DEBUG net.thucydides.core.steps.StepInterceptor - STEP DONE: {0} enters #theTextAsAString into #target
17:29:26.278 [Darkroom Processing Line] DEBUG net.serenitybdd.core.photography.DarkroomProcessingLine - Processing screenshot image in /var/screenshots/screenshot-15332633569673210780
17:29:26.278 [Darkroom Processing Line] DEBUG net.serenitybdd.core.photography.DarkroomProcessingLine - Saving screenshot to C:\Users\adria\Desktop\Softka TH\RT\e2eParabank\target\site\serenity\ef9b91887faa8416920114a56e9025903419a7cda85c6aec4960b640a50208ba.png
17:29:26.278 [main] DEBUG net.thucydides.core.steps.session.TestSession - SRP:SessionAddEvent: id fb037a81-c581-48de-aa7a-79b9601c29ea EventBusEvent UPDATE_OVERALL_EVENTS 
17:29:26.279 [main] DEBUG net.thucydides.core.steps.session.TestSession - SRP:SessionAddEvent: id fb037a81-c581-48de-aa7a-79b9601c29ea net.thucydides.core.steps.events.CastActorEvent@2712e8f4
17:29:26.280 [main] DEBUG net.thucydides.core.steps.StepInterceptor - SRP:Actor started step in session EventBusEvent STEP_STARTED_EVENT Qa enter value into target QA enters 'Pichincha' into State Thread[main,5,main]
17:29:26.280 [main] DEBUG net.thucydides.core.steps.session.TestSession - SRP:SessionAddEvent: id fb037a81-c581-48de-aa7a-79b9601c29ea EventBusEvent STEP_STARTED_EVENT Qa enter value into target QA enters 'Pichincha' into State
17:29:26.280 [main] DEBUG net.thucydides.core.steps.StepInterceptor - STARTING STEP: Register.performAs - {0} enters #theTextAsAString into #target
17:29:26.286 [main] DEBUG net.serenitybdd.screenplay.targets.IFrameSwitcher - default content already selected for State
17:29:26.411 [main] DEBUG net.thucydides.core.steps.StepInterceptor - SRP:Actor finished step in session Thread[main,5,main]
17:29:26.525 [main] DEBUG net.serenitybdd.core.photography.Darkroom - Send negative for processing for C:\Users\adria\Desktop\Softka TH\RT\e2eParabank\target\site\serenity\375a9324abab3c91094e448c2c24acb88d1c679803e723e55c470d827924aa7a.png
17:29:26.525 [main] DEBUG net.thucydides.core.steps.session.TestSession - SRP:SessionAddEvent: id fb037a81-c581-48de-aa7a-79b9601c29ea EventBusEvent STEP_FINISHED_EVENT 
17:29:26.525 [Darkroom Processing Line] DEBUG net.serenitybdd.core.photography.DarkroomProcessingLine - Processing screenshot image in /var/screenshots/screenshot-615076830329295277
17:29:26.525 [Darkroom Processing Line] DEBUG net.serenitybdd.core.photography.DarkroomProcessingLine - Saving screenshot to C:\Users\adria\Desktop\Softka TH\RT\e2eParabank\target\site\serenity\375a9324abab3c91094e448c2c24acb88d1c679803e723e55c470d827924aa7a.png
17:29:26.525 [main] DEBUG net.thucydides.core.steps.StepInterceptor - STEP DONE: {0} enters #theTextAsAString into #target
17:29:26.525 [main] DEBUG net.thucydides.core.steps.session.TestSession - SRP:SessionAddEvent: id fb037a81-c581-48de-aa7a-79b9601c29ea EventBusEvent UPDATE_OVERALL_EVENTS 
17:29:26.526 [main] DEBUG net.thucydides.core.steps.session.TestSession - SRP:SessionAddEvent: id fb037a81-c581-48de-aa7a-79b9601c29ea net.thucydides.core.steps.events.CastActorEvent@4def42c3
17:29:26.528 [main] DEBUG net.thucydides.core.steps.StepInterceptor - SRP:Actor started step in session EventBusEvent STEP_STARTED_EVENT Qa enter value into target QA enters '170000' into Zip Code Thread[main,5,main]
17:29:26.528 [main] DEBUG net.thucydides.core.steps.session.TestSession - SRP:SessionAddEvent: id fb037a81-c581-48de-aa7a-79b9601c29ea EventBusEvent STEP_STARTED_EVENT Qa enter value into target QA enters '170000' into Zip Code
17:29:26.528 [main] DEBUG net.thucydides.core.steps.StepInterceptor - STARTING STEP: Register.performAs - {0} enters #theTextAsAString into #target
17:29:26.533 [main] DEBUG net.serenitybdd.screenplay.targets.IFrameSwitcher - default content already selected for Zip Code
17:29:26.637 [main] DEBUG net.thucydides.core.steps.StepInterceptor - SRP:Actor finished step in session Thread[main,5,main]
17:29:26.755 [main] DEBUG net.serenitybdd.core.photography.Darkroom - Send negative for processing for C:\Users\adria\Desktop\Softka TH\RT\e2eParabank\target\site\serenity\8b53b12b869cc82c5dbb14b1d0f3110b07ef9cefd2cbaa0ca1b2c5ca4c2ab5d1.png
17:29:26.755 [main] DEBUG net.thucydides.core.steps.session.TestSession - SRP:SessionAddEvent: id fb037a81-c581-48de-aa7a-79b9601c29ea EventBusEvent STEP_FINISHED_EVENT 
17:29:26.755 [Darkroom Processing Line] DEBUG net.serenitybdd.core.photography.DarkroomProcessingLine - Processing screenshot image in /var/screenshots/screenshot-5892065175755344458
17:29:26.755 [main] DEBUG net.thucydides.core.steps.StepInterceptor - STEP DONE: {0} enters #theTextAsAString into #target
17:29:26.755 [Darkroom Processing Line] DEBUG net.serenitybdd.core.photography.DarkroomProcessingLine - Saving screenshot to C:\Users\adria\Desktop\Softka TH\RT\e2eParabank\target\site\serenity\8b53b12b869cc82c5dbb14b1d0f3110b07ef9cefd2cbaa0ca1b2c5ca4c2ab5d1.png
17:29:26.755 [main] DEBUG net.thucydides.core.steps.session.TestSession - SRP:SessionAddEvent: id fb037a81-c581-48de-aa7a-79b9601c29ea EventBusEvent UPDATE_OVERALL_EVENTS 
17:29:26.756 [main] DEBUG net.thucydides.core.steps.session.TestSession - SRP:SessionAddEvent: id fb037a81-c581-48de-aa7a-79b9601c29ea net.thucydides.core.steps.events.CastActorEvent@5b4954b2
17:29:26.757 [main] DEBUG net.thucydides.core.steps.StepInterceptor - SRP:Actor started step in session EventBusEvent STEP_STARTED_EVENT Qa enter value into target QA enters '0999999999' into Phone Thread[main,5,main]
17:29:26.757 [main] DEBUG net.thucydides.core.steps.session.TestSession - SRP:SessionAddEvent: id fb037a81-c581-48de-aa7a-79b9601c29ea EventBusEvent STEP_STARTED_EVENT Qa enter value into target QA enters '0999999999' into Phone
17:29:26.758 [main] DEBUG net.thucydides.core.steps.StepInterceptor - STARTING STEP: Register.performAs - {0} enters #theTextAsAString into #target
17:29:26.763 [main] DEBUG net.serenitybdd.screenplay.targets.IFrameSwitcher - default content already selected for Phone
17:29:26.907 [main] DEBUG net.thucydides.core.steps.StepInterceptor - SRP:Actor finished step in session Thread[main,5,main]
17:29:27.029 [main] DEBUG net.serenitybdd.core.photography.Darkroom - Send negative for processing for C:\Users\adria\Desktop\Softka TH\RT\e2eParabank\target\site\serenity\bcac3df1a53bc6670d0de7636859f5108b66f8134bba9ad7b3fc5baaed1d874e.png
17:29:27.029 [main] DEBUG net.thucydides.core.steps.session.TestSession - SRP:SessionAddEvent: id fb037a81-c581-48de-aa7a-79b9601c29ea EventBusEvent STEP_FINISHED_EVENT 
17:29:27.029 [Darkroom Processing Line] DEBUG net.serenitybdd.core.photography.DarkroomProcessingLine - Processing screenshot image in /var/screenshots/screenshot-1374327347414568400
17:29:27.029 [main] DEBUG net.thucydides.core.steps.StepInterceptor - STEP DONE: {0} enters #theTextAsAString into #target
17:29:27.030 [Darkroom Processing Line] DEBUG net.serenitybdd.core.photography.DarkroomProcessingLine - Saving screenshot to C:\Users\adria\Desktop\Softka TH\RT\e2eParabank\target\site\serenity\bcac3df1a53bc6670d0de7636859f5108b66f8134bba9ad7b3fc5baaed1d874e.png
17:29:27.030 [main] DEBUG net.thucydides.core.steps.session.TestSession - SRP:SessionAddEvent: id fb037a81-c581-48de-aa7a-79b9601c29ea EventBusEvent UPDATE_OVERALL_EVENTS 
17:29:27.030 [main] DEBUG net.thucydides.core.steps.session.TestSession - SRP:SessionAddEvent: id fb037a81-c581-48de-aa7a-79b9601c29ea net.thucydides.core.steps.events.CastActorEvent@5aab5b31
17:29:27.031 [main] DEBUG net.thucydides.core.steps.StepInterceptor - SRP:Actor started step in session EventBusEvent STEP_STARTED_EVENT Qa enter value into target QA enters '123-45-6789' into SSN Thread[main,5,main]
17:29:27.031 [main] DEBUG net.thucydides.core.steps.session.TestSession - SRP:SessionAddEvent: id fb037a81-c581-48de-aa7a-79b9601c29ea EventBusEvent STEP_STARTED_EVENT Qa enter value into target QA enters '123-45-6789' into SSN
17:29:27.031 [main] DEBUG net.thucydides.core.steps.StepInterceptor - STARTING STEP: Register.performAs - {0} enters #theTextAsAString into #target
17:29:27.037 [main] DEBUG net.serenitybdd.screenplay.targets.IFrameSwitcher - default content already selected for SSN
17:29:27.153 [main] DEBUG net.thucydides.core.steps.StepInterceptor - SRP:Actor finished step in session Thread[main,5,main]
17:29:27.262 [main] DEBUG net.serenitybdd.core.photography.Darkroom - Send negative for processing for C:\Users\adria\Desktop\Softka TH\RT\e2eParabank\target\site\serenity\f60259ca58da48fa96a28957bf02e6ad64f3e360c4330d85b4564cf963898c9c.png
17:29:27.262 [main] DEBUG net.thucydides.core.steps.session.TestSession - SRP:SessionAddEvent: id fb037a81-c581-48de-aa7a-79b9601c29ea EventBusEvent STEP_FINISHED_EVENT 
17:29:27.262 [Darkroom Processing Line] DEBUG net.serenitybdd.core.photography.DarkroomProcessingLine - Processing screenshot image in /var/screenshots/screenshot-18163586734803154580
17:29:27.262 [Darkroom Processing Line] DEBUG net.serenitybdd.core.photography.DarkroomProcessingLine - Saving screenshot to C:\Users\adria\Desktop\Softka TH\RT\e2eParabank\target\site\serenity\f60259ca58da48fa96a28957bf02e6ad64f3e360c4330d85b4564cf963898c9c.png
17:29:27.262 [main] DEBUG net.thucydides.core.steps.StepInterceptor - STEP DONE: {0} enters #theTextAsAString into #target
17:29:27.262 [main] DEBUG net.thucydides.core.steps.session.TestSession - SRP:SessionAddEvent: id fb037a81-c581-48de-aa7a-79b9601c29ea EventBusEvent UPDATE_OVERALL_EVENTS 
17:29:27.263 [main] DEBUG net.thucydides.core.steps.session.TestSession - SRP:SessionAddEvent: id fb037a81-c581-48de-aa7a-79b9601c29ea net.thucydides.core.steps.events.CastActorEvent@5c573229
17:29:27.264 [main] DEBUG net.thucydides.core.steps.StepInterceptor - SRP:Actor started step in session EventBusEvent STEP_STARTED_EVENT Qa enter value into target QA enters 'qa_ba030e32bd' into Username Thread[main,5,main]
17:29:27.264 [main] DEBUG net.thucydides.core.steps.session.TestSession - SRP:SessionAddEvent: id fb037a81-c581-48de-aa7a-79b9601c29ea EventBusEvent STEP_STARTED_EVENT Qa enter value into target QA enters 'qa_ba030e32bd' into Username
17:29:27.264 [main] DEBUG net.thucydides.core.steps.StepInterceptor - STARTING STEP: Register.performAs - {0} enters #theTextAsAString into #target
17:29:27.269 [main] DEBUG net.serenitybdd.screenplay.targets.IFrameSwitcher - default content already selected for Username
17:29:27.382 [main] DEBUG net.thucydides.core.steps.StepInterceptor - SRP:Actor finished step in session Thread[main,5,main]
17:29:27.500 [main] DEBUG net.serenitybdd.core.photography.Darkroom - Send negative for processing for C:\Users\adria\Desktop\Softka TH\RT\e2eParabank\target\site\serenity\ac4a095ec89b18d4e2e83a305e497991b3384e879d660673448eb8f096d5b792.png
17:29:27.500 [main] DEBUG net.thucydides.core.steps.session.TestSession - SRP:SessionAddEvent: id fb037a81-c581-48de-aa7a-79b9601c29ea EventBusEvent STEP_FINISHED_EVENT 
17:29:27.500 [Darkroom Processing Line] DEBUG net.serenitybdd.core.photography.DarkroomProcessingLine - Processing screenshot image in /var/screenshots/screenshot-15555099798275360582
17:29:27.500 [main] DEBUG net.thucydides.core.steps.StepInterceptor - STEP DONE: {0} enters #theTextAsAString into #target
17:29:27.500 [Darkroom Processing Line] DEBUG net.serenitybdd.core.photography.DarkroomProcessingLine - Saving screenshot to C:\Users\adria\Desktop\Softka TH\RT\e2eParabank\target\site\serenity\ac4a095ec89b18d4e2e83a305e497991b3384e879d660673448eb8f096d5b792.png
17:29:27.500 [main] DEBUG net.thucydides.core.steps.session.TestSession - SRP:SessionAddEvent: id fb037a81-c581-48de-aa7a-79b9601c29ea EventBusEvent UPDATE_OVERALL_EVENTS 
17:29:27.501 [main] DEBUG net.thucydides.core.steps.session.TestSession - SRP:SessionAddEvent: id fb037a81-c581-48de-aa7a-79b9601c29ea net.thucydides.core.steps.events.CastActorEvent@4c65d8e3
17:29:27.502 [main] DEBUG net.thucydides.core.steps.StepInterceptor - SRP:Actor started step in session EventBusEvent STEP_STARTED_EVENT Qa enter value into target QA enters 'P@ssw0rd123' into Password Thread[main,5,main]
17:29:27.502 [main] DEBUG net.thucydides.core.steps.session.TestSession - SRP:SessionAddEvent: id fb037a81-c581-48de-aa7a-79b9601c29ea EventBusEvent STEP_STARTED_EVENT Qa enter value into target QA enters 'P@ssw0rd123' into Password
17:29:27.502 [main] DEBUG net.thucydides.core.steps.StepInterceptor - STARTING STEP: Register.performAs - {0} enters #theTextAsAString into #target
17:29:27.506 [main] DEBUG net.serenitybdd.screenplay.targets.IFrameSwitcher - default content already selected for Password
17:29:27.609 [main] DEBUG net.thucydides.core.steps.StepInterceptor - SRP:Actor finished step in session Thread[main,5,main]
17:29:27.717 [main] DEBUG net.serenitybdd.core.photography.Darkroom - Send negative for processing for C:\Users\adria\Desktop\Softka TH\RT\e2eParabank\target\site\serenity\9d9f2f90fe06c564ef52570b2d7461c232a8f831304732ffc2abe541791a0e4e.png
17:29:27.718 [main] DEBUG net.thucydides.core.steps.session.TestSession - SRP:SessionAddEvent: id fb037a81-c581-48de-aa7a-79b9601c29ea EventBusEvent STEP_FINISHED_EVENT 
17:29:27.718 [Darkroom Processing Line] DEBUG net.serenitybdd.core.photography.DarkroomProcessingLine - Processing screenshot image in /var/screenshots/screenshot-15821975358221774069
17:29:27.718 [main] DEBUG net.thucydides.core.steps.StepInterceptor - STEP DONE: {0} enters #theTextAsAString into #target
17:29:27.718 [Darkroom Processing Line] DEBUG net.serenitybdd.core.photography.DarkroomProcessingLine - Saving screenshot to C:\Users\adria\Desktop\Softka TH\RT\e2eParabank\target\site\serenity\9d9f2f90fe06c564ef52570b2d7461c232a8f831304732ffc2abe541791a0e4e.png
17:29:27.718 [main] DEBUG net.thucydides.core.steps.session.TestSession - SRP:SessionAddEvent: id fb037a81-c581-48de-aa7a-79b9601c29ea EventBusEvent UPDATE_OVERALL_EVENTS 
17:29:27.718 [main] DEBUG net.thucydides.core.steps.session.TestSession - SRP:SessionAddEvent: id fb037a81-c581-48de-aa7a-79b9601c29ea net.thucydides.core.steps.events.CastActorEvent@e07b4db
17:29:27.719 [main] DEBUG net.thucydides.core.steps.StepInterceptor - SRP:Actor started step in session EventBusEvent STEP_STARTED_EVENT Qa enter value into target QA enters 'P@ssw0rd123' into Confirm Password Thread[main,5,main]
17:29:27.719 [main] DEBUG net.thucydides.core.steps.session.TestSession - SRP:SessionAddEvent: id fb037a81-c581-48de-aa7a-79b9601c29ea EventBusEvent STEP_STARTED_EVENT Qa enter value into target QA enters 'P@ssw0rd123' into Confirm Password
17:29:27.720 [main] DEBUG net.thucydides.core.steps.StepInterceptor - STARTING STEP: Register.performAs - {0} enters #theTextAsAString into #target
17:29:27.724 [main] DEBUG net.serenitybdd.screenplay.targets.IFrameSwitcher - default content already selected for Confirm Password
17:29:27.822 [main] DEBUG net.thucydides.core.steps.StepInterceptor - SRP:Actor finished step in session Thread[main,5,main]
17:29:27.929 [main] DEBUG net.serenitybdd.core.photography.Darkroom - Send negative for processing for C:\Users\adria\Desktop\Softka TH\RT\e2eParabank\target\site\serenity\d2228761b8cf13be0a7a54e427e9e9a78aada719ea70296a6baa92cb8e98ff77.png
17:29:27.929 [main] DEBUG net.thucydides.core.steps.session.TestSession - SRP:SessionAddEvent: id fb037a81-c581-48de-aa7a-79b9601c29ea EventBusEvent STEP_FINISHED_EVENT 
17:29:27.929 [main] DEBUG net.thucydides.core.steps.StepInterceptor - STEP DONE: {0} enters #theTextAsAString into #target
17:29:27.929 [Darkroom Processing Line] DEBUG net.serenitybdd.core.photography.DarkroomProcessingLine - Processing screenshot image in /var/screenshots/screenshot-14374820943631819461
17:29:27.929 [main] DEBUG net.thucydides.core.steps.session.TestSession - SRP:SessionAddEvent: id fb037a81-c581-48de-aa7a-79b9601c29ea EventBusEvent UPDATE_OVERALL_EVENTS 
17:29:27.929 [Darkroom Processing Line] DEBUG net.serenitybdd.core.photography.DarkroomProcessingLine - Saving screenshot to C:\Users\adria\Desktop\Softka TH\RT\e2eParabank\target\site\serenity\d2228761b8cf13be0a7a54e427e9e9a78aada719ea70296a6baa92cb8e98ff77.png
17:29:27.930 [main] DEBUG net.thucydides.core.steps.session.TestSession - SRP:SessionAddEvent: id fb037a81-c581-48de-aa7a-79b9601c29ea net.thucydides.core.steps.events.CastActorEvent@7df4709e
17:29:27.931 [main] DEBUG net.thucydides.core.steps.StepInterceptor - SRP:Actor started step in session EventBusEvent STEP_STARTED_EVENT Qa click on target QA clicks on Register button Thread[main,5,main]
17:29:27.931 [main] DEBUG net.thucydides.core.steps.session.TestSession - SRP:SessionAddEvent: id fb037a81-c581-48de-aa7a-79b9601c29ea EventBusEvent STEP_STARTED_EVENT Qa click on target QA clicks on Register button
17:29:27.931 [main] DEBUG net.thucydides.core.steps.StepInterceptor - STARTING STEP: Register.performAs - {0} clicks on #target
17:29:27.935 [main] DEBUG net.serenitybdd.screenplay.targets.IFrameSwitcher - default content already selected for Register button
17:29:28.313 [main] DEBUG net.thucydides.core.steps.StepInterceptor - SRP:Actor finished step in session Thread[main,5,main]
17:29:28.528 [main] DEBUG net.serenitybdd.core.photography.Darkroom - Send negative for processing for C:\Users\adria\Desktop\Softka TH\RT\e2eParabank\target\site\serenity\531ea346ae04d49a0ccc01d618e450d17b567a1a32047ea0f442fee1b84a6c37.png
17:29:28.529 [main] DEBUG net.thucydides.core.steps.session.TestSession - SRP:SessionAddEvent: id fb037a81-c581-48de-aa7a-79b9601c29ea EventBusEvent STEP_FINISHED_EVENT 
17:29:28.529 [Darkroom Processing Line] DEBUG net.serenitybdd.core.photography.DarkroomProcessingLine - Processing screenshot image in /var/screenshots/screenshot-14593687843105921368
17:29:28.529 [Darkroom Processing Line] DEBUG net.serenitybdd.core.photography.DarkroomProcessingLine - Saving screenshot to C:\Users\adria\Desktop\Softka TH\RT\e2eParabank\target\site\serenity\531ea346ae04d49a0ccc01d618e450d17b567a1a32047ea0f442fee1b84a6c37.png
17:29:28.529 [main] DEBUG net.thucydides.core.steps.StepInterceptor - STEP DONE: {0} clicks on #target
17:29:28.529 [main] DEBUG net.thucydides.core.steps.session.TestSession - SRP:SessionAddEvent: id fb037a81-c581-48de-aa7a-79b9601c29ea EventBusEvent UPDATE_OVERALL_EVENTS 
17:29:28.530 [main] DEBUG net.thucydides.core.steps.StepInterceptor - SRP:Actor finished step in session Thread[main,5,main]
17:29:28.539 [main] DEBUG net.thucydides.core.steps.session.TestSession - SRP:SessionAddEvent: id fb037a81-c581-48de-aa7a-79b9601c29ea EventBusEvent STEP_FINISHED_EVENT 
17:29:28.540 [main] DEBUG net.thucydides.core.steps.StepInterceptor - STEP DONE: performAs
17:29:28.540 [main] DEBUG net.thucydides.core.steps.session.TestSession - SRP:SessionAddEvent: id fb037a81-c581-48de-aa7a-79b9601c29ea EventBusEvent UPDATE_OVERALL_EVENTS 
17:29:28.582 [main] DEBUG net.serenitybdd.cucumber.core.plugin.SerenityReporterParallel - SRP:handleTestStepFinished  classpath:features/parabanke2e.feature Thread[main,5,main] fb037a81-c581-48de-aa7a-79b9601c29ea at line 3
17:29:28.686 [main] DEBUG net.serenitybdd.core.photography.Darkroom - Send negative for processing for C:\Users\adria\Desktop\Softka TH\RT\e2eParabank\target\site\serenity\531ea346ae04d49a0ccc01d618e450d17b567a1a32047ea0f442fee1b84a6c37.png
17:29:28.686 [main] DEBUG net.thucydides.core.steps.session.TestSession - SRP:SessionAddEvent: id fb037a81-c581-48de-aa7a-79b9601c29ea EventBusEvent STEP_FINISHED_WITH_RESULT with result Result{status=PASSED, duration=3, error=null}
  &amp#27;[32mâœ”&amp#27;[39m &amp#27;[32m&amp#27;[1mGiven &amp#27;[22mel usuario se registra en ParaBank con datos vÃ¡lidos&amp#27;[39m                   &amp#27;[90m# parabank.stepdefinitions.ParabankStepDefinitions.elUsuarioSeRegistra()&amp#27;[39m
17:29:28.690 [main] DEBUG net.serenitybdd.cucumber.core.plugin.SerenityReporterParallel - SRP:handleTestStepStarted  classpath:features/parabanke2e.feature Thread[main,5,main] fb037a81-c581-48de-aa7a-79b9601c29ea at line 3
17:29:28.690 [main] DEBUG net.thucydides.core.steps.session.TestSession - SRP:SessionAddEvent: id fb037a81-c581-48de-aa7a-79b9601c29ea EventBusEvent STEP_STARTED_EVENT When el usuario inicia sesión con el usuario registrado When el usuario inicia sesión con el usuario registrado
17:29:28.690 [main] DEBUG net.thucydides.core.steps.session.TestSession - SRP:SessionAddEvent: id fb037a81-c581-48de-aa7a-79b9601c29ea net.thucydides.core.steps.events.UpdateCurrentStepTitleEvent@135e49b2
17:29:28.692 [main] DEBUG net.thucydides.core.steps.session.TestSession - SRP:SessionAddEvent: id fb037a81-c581-48de-aa7a-79b9601c29ea net.thucydides.core.steps.events.CastActorEvent@77ff14ce
17:29:28.693 [main] DEBUG net.thucydides.core.steps.StepInterceptor - SRP:Actor started step in session EventBusEvent STEP_STARTED_EVENT Qa click on target QA clicks on Log Out Thread[main,5,main]
17:29:28.693 [main] DEBUG net.thucydides.core.steps.session.TestSession - SRP:SessionAddEvent: id fb037a81-c581-48de-aa7a-79b9601c29ea EventBusEvent STEP_STARTED_EVENT Qa click on target QA clicks on Log Out
17:29:28.693 [main] DEBUG net.thucydides.core.steps.StepInterceptor - STARTING STEP: ParabankStepDefinitions.elUsuarioIniciaSesion - {0} clicks on #target
17:29:28.698 [main] DEBUG net.serenitybdd.screenplay.targets.IFrameSwitcher - default content already selected for Log Out
17:29:29.337 [main] DEBUG net.thucydides.core.steps.StepInterceptor - SRP:Actor finished step in session Thread[main,5,main]
17:29:29.476 [main] DEBUG net.serenitybdd.core.photography.Darkroom - Send negative for processing for C:\Users\adria\Desktop\Softka TH\RT\e2eParabank\target\site\serenity\130ae5f8609e3faa8d5e95c5e2970adf19a5cbc384dab6b9cb7111cacf739ca8.png
17:29:29.476 [main] DEBUG net.thucydides.core.steps.session.TestSession - SRP:SessionAddEvent: id fb037a81-c581-48de-aa7a-79b9601c29ea EventBusEvent STEP_FINISHED_EVENT 
17:29:29.476 [main] DEBUG net.thucydides.core.steps.StepInterceptor - STEP DONE: {0} clicks on #target
17:29:29.476 [main] DEBUG net.thucydides.core.steps.session.TestSession - SRP:SessionAddEvent: id fb037a81-c581-48de-aa7a-79b9601c29ea EventBusEvent UPDATE_OVERALL_EVENTS 
17:29:29.485 [main] DEBUG net.thucydides.core.steps.session.TestSession - SRP:SessionAddEvent: id fb037a81-c581-48de-aa7a-79b9601c29ea net.thucydides.core.steps.events.CastActorEvent@2bdcfcf
17:29:29.485 [main] DEBUG net.thucydides.core.steps.StepInterceptor - SRP:Actor started step in session EventBusEvent STEP_STARTED_EVENT Qa login Qa login Thread[main,5,main]
17:29:29.485 [main] DEBUG net.thucydides.core.steps.session.TestSession - SRP:SessionAddEvent: id fb037a81-c581-48de-aa7a-79b9601c29ea EventBusEvent STEP_STARTED_EVENT Qa login Qa login
17:29:29.486 [main] DEBUG net.thucydides.core.steps.StepInterceptor - STARTING STEP: ParabankStepDefinitions.elUsuarioIniciaSesion - performAs
17:29:29.489 [main] DEBUG net.thucydides.core.steps.session.TestSession - SRP:SessionAddEvent: id fb037a81-c581-48de-aa7a-79b9601c29ea net.thucydides.core.steps.events.CastActorEvent@4bbf20d1
17:29:29.489 [main] DEBUG net.thucydides.core.steps.StepInterceptor - SRP:Actor started step in session EventBusEvent STEP_STARTED_EVENT Qa enter value into target QA enters 'qa_ba030e32bd' into input username Thread[main,5,main]
17:29:29.490 [main] DEBUG net.thucydides.core.steps.session.TestSession - SRP:SessionAddEvent: id fb037a81-c581-48de-aa7a-79b9601c29ea EventBusEvent STEP_STARTED_EVENT Qa enter value into target QA enters 'qa_ba030e32bd' into input username
17:29:29.490 [main] DEBUG net.thucydides.core.steps.StepInterceptor - STARTING STEP: Login.performAs - {0} enters #theTextAsAString into #target
17:29:29.495 [main] DEBUG net.serenitybdd.screenplay.targets.IFrameSwitcher - default content already selected for input username
17:29:29.593 [main] DEBUG net.thucydides.core.steps.StepInterceptor - SRP:Actor finished step in session Thread[main,5,main]
17:29:29.716 [main] DEBUG net.serenitybdd.core.photography.Darkroom - Send negative for processing for C:\Users\adria\Desktop\Softka TH\RT\e2eParabank\target\site\serenity\e0d1b36ad5b25ec5f96d1f46db92ed8f17b19303f7c17e9928ef33ea2833b26b.png
17:29:29.717 [main] DEBUG net.thucydides.core.steps.session.TestSession - SRP:SessionAddEvent: id fb037a81-c581-48de-aa7a-79b9601c29ea EventBusEvent STEP_FINISHED_EVENT 
17:29:29.717 [Darkroom Processing Line] DEBUG net.serenitybdd.core.photography.DarkroomProcessingLine - Processing screenshot image in /var/screenshots/screenshot-17554492905451436571
17:29:29.717 [main] DEBUG net.thucydides.core.steps.StepInterceptor - STEP DONE: {0} enters #theTextAsAString into #target
17:29:29.717 [Darkroom Processing Line] DEBUG net.serenitybdd.core.photography.DarkroomProcessingLine - Saving screenshot to C:\Users\adria\Desktop\Softka TH\RT\e2eParabank\target\site\serenity\e0d1b36ad5b25ec5f96d1f46db92ed8f17b19303f7c17e9928ef33ea2833b26b.png
17:29:29.717 [main] DEBUG net.thucydides.core.steps.session.TestSession - SRP:SessionAddEvent: id fb037a81-c581-48de-aa7a-79b9601c29ea EventBusEvent UPDATE_OVERALL_EVENTS 
17:29:29.717 [main] DEBUG net.thucydides.core.steps.session.TestSession - SRP:SessionAddEvent: id fb037a81-c581-48de-aa7a-79b9601c29ea net.thucydides.core.steps.events.CastActorEvent@10745a02
17:29:29.718 [main] DEBUG net.thucydides.core.steps.StepInterceptor - SRP:Actor started step in session EventBusEvent STEP_STARTED_EVENT Qa enter value into target QA enters 'P@ssw0rd123' into input password Thread[main,5,main]
17:29:29.719 [main] DEBUG net.thucydides.core.steps.session.TestSession - SRP:SessionAddEvent: id fb037a81-c581-48de-aa7a-79b9601c29ea EventBusEvent STEP_STARTED_EVENT Qa enter value into target QA enters 'P@ssw0rd123' into input password
17:29:29.719 [main] DEBUG net.thucydides.core.steps.StepInterceptor - STARTING STEP: Login.performAs - {0} enters #theTextAsAString into #target
17:29:29.723 [main] DEBUG net.serenitybdd.screenplay.targets.IFrameSwitcher - default content already selected for input password
17:29:29.827 [main] DEBUG net.thucydides.core.steps.StepInterceptor - SRP:Actor finished step in session Thread[main,5,main]
17:29:29.945 [main] DEBUG net.serenitybdd.core.photography.Darkroom - Send negative for processing for C:\Users\adria\Desktop\Softka TH\RT\e2eParabank\target\site\serenity\9c48bd81eb763a2dabce50de6e8a9060abcb416bfb63432cd06333fd0b44f9f5.png
17:29:29.945 [main] DEBUG net.thucydides.core.steps.session.TestSession - SRP:SessionAddEvent: id fb037a81-c581-48de-aa7a-79b9601c29ea EventBusEvent STEP_FINISHED_EVENT 
17:29:29.945 [main] DEBUG net.thucydides.core.steps.StepInterceptor - STEP DONE: {0} enters #theTextAsAString into #target
17:29:29.945 [Darkroom Processing Line] DEBUG net.serenitybdd.core.photography.DarkroomProcessingLine - Processing screenshot image in /var/screenshots/screenshot-9378872499255006002
17:29:29.945 [Darkroom Processing Line] DEBUG net.serenitybdd.core.photography.DarkroomProcessingLine - Saving screenshot to C:\Users\adria\Desktop\Softka TH\RT\e2eParabank\target\site\serenity\9c48bd81eb763a2dabce50de6e8a9060abcb416bfb63432cd06333fd0b44f9f5.png
17:29:29.945 [main] DEBUG net.thucydides.core.steps.session.TestSession - SRP:SessionAddEvent: id fb037a81-c581-48de-aa7a-79b9601c29ea EventBusEvent UPDATE_OVERALL_EVENTS 
17:29:29.946 [main] DEBUG net.thucydides.core.steps.session.TestSession - SRP:SessionAddEvent: id fb037a81-c581-48de-aa7a-79b9601c29ea net.thucydides.core.steps.events.CastActorEvent@ba562e0
17:29:29.946 [main] DEBUG net.thucydides.core.steps.StepInterceptor - SRP:Actor started step in session EventBusEvent STEP_STARTED_EVENT Qa click on target QA clicks on button login Thread[main,5,main]
17:29:29.946 [main] DEBUG net.thucydides.core.steps.session.TestSession - SRP:SessionAddEvent: id fb037a81-c581-48de-aa7a-79b9601c29ea EventBusEvent STEP_STARTED_EVENT Qa click on target QA clicks on button login
17:29:29.947 [main] DEBUG net.thucydides.core.steps.StepInterceptor - STARTING STEP: Login.performAs - {0} clicks on #target
17:29:29.951 [main] DEBUG net.serenitybdd.screenplay.targets.IFrameSwitcher - default content already selected for button login
17:29:30.530 [main] DEBUG net.thucydides.core.steps.StepInterceptor - SRP:Actor finished step in session Thread[main,5,main]
17:29:30.653 [main] DEBUG net.serenitybdd.core.photography.Darkroom - Send negative for processing for C:\Users\adria\Desktop\Softka TH\RT\e2eParabank\target\site\serenity\6beca6b1c3d94f52333231451da14790fc82072b76f5e18f5331f411435dbfe2.png
17:29:30.653 [main] DEBUG net.thucydides.core.steps.session.TestSession - SRP:SessionAddEvent: id fb037a81-c581-48de-aa7a-79b9601c29ea EventBusEvent STEP_FINISHED_EVENT 
17:29:30.653 [main] DEBUG net.thucydides.core.steps.StepInterceptor - STEP DONE: {0} clicks on #target
17:29:30.653 [Darkroom Processing Line] DEBUG net.serenitybdd.core.photography.DarkroomProcessingLine - Processing screenshot image in /var/screenshots/screenshot-1487597604524431574
17:29:30.653 [main] DEBUG net.thucydides.core.steps.session.TestSession - SRP:SessionAddEvent: id fb037a81-c581-48de-aa7a-79b9601c29ea EventBusEvent UPDATE_OVERALL_EVENTS 
17:29:30.653 [Darkroom Processing Line] DEBUG net.serenitybdd.core.photography.DarkroomProcessingLine - Saving screenshot to C:\Users\adria\Desktop\Softka TH\RT\e2eParabank\target\site\serenity\6beca6b1c3d94f52333231451da14790fc82072b76f5e18f5331f411435dbfe2.png
17:29:30.654 [main] DEBUG net.thucydides.core.steps.StepInterceptor - SRP:Actor finished step in session Thread[main,5,main]
17:29:30.660 [main] DEBUG net.thucydides.core.steps.session.TestSession - SRP:SessionAddEvent: id fb037a81-c581-48de-aa7a-79b9601c29ea EventBusEvent STEP_FINISHED_EVENT 
17:29:30.660 [main] DEBUG net.thucydides.core.steps.StepInterceptor - STEP DONE: performAs
17:29:30.660 [main] DEBUG net.thucydides.core.steps.session.TestSession - SRP:SessionAddEvent: id fb037a81-c581-48de-aa7a-79b9601c29ea EventBusEvent UPDATE_OVERALL_EVENTS 
17:29:30.661 [main] DEBUG net.serenitybdd.cucumber.core.plugin.SerenityReporterParallel - SRP:handleTestStepFinished  classpath:features/parabanke2e.feature Thread[main,5,main] fb037a81-c581-48de-aa7a-79b9601c29ea at line 3
17:29:30.664 [main] DEBUG net.thucydides.core.steps.session.TestSession - SRP:SessionAddEvent: id fb037a81-c581-48de-aa7a-79b9601c29ea EventBusEvent STEP_FINISHED_WITH_RESULT with result Result{status=PASSED, duration=1, error=null}
  &amp#27;[32mâœ”&amp#27;[39m &amp#27;[32m&amp#27;[1mWhen &amp#27;[22mel usuario inicia sesiÃ³n con el usuario registrado&amp#27;[39m                      &amp#27;[90m# parabank.stepdefinitions.ParabankStepDefinitions.elUsuarioIniciaSesion()&amp#27;[39m
17:29:30.665 [main] DEBUG net.serenitybdd.cucumber.core.plugin.SerenityReporterParallel - SRP:handleTestStepStarted  classpath:features/parabanke2e.feature Thread[main,5,main] fb037a81-c581-48de-aa7a-79b9601c29ea at line 3
17:29:30.665 [main] DEBUG net.thucydides.core.steps.session.TestSession - SRP:SessionAddEvent: id fb037a81-c581-48de-aa7a-79b9601c29ea EventBusEvent STEP_STARTED_EVENT And transfiere "15.6" desde la primera cuenta a la segunda And transfiere "15.6" desde la primera cuenta a la segunda
17:29:30.665 [main] DEBUG net.thucydides.core.steps.session.TestSession - SRP:SessionAddEvent: id fb037a81-c581-48de-aa7a-79b9601c29ea net.thucydides.core.steps.events.UpdateCurrentStepTitleEvent@38ef1a0a
17:29:30.668 [main] DEBUG net.thucydides.core.steps.session.TestSession - SRP:SessionAddEvent: id fb037a81-c581-48de-aa7a-79b9601c29ea net.thucydides.core.steps.events.CastActorEvent@66b6873f
17:29:30.669 [main] DEBUG net.thucydides.core.steps.StepInterceptor - SRP:Actor started step in session EventBusEvent STEP_STARTED_EVENT Qa click on target QA clicks on Open New Account Thread[main,5,main]
17:29:30.669 [main] DEBUG net.thucydides.core.steps.session.TestSession - SRP:SessionAddEvent: id fb037a81-c581-48de-aa7a-79b9601c29ea EventBusEvent STEP_STARTED_EVENT Qa click on target QA clicks on Open New Account
17:29:30.669 [main] DEBUG net.thucydides.core.steps.StepInterceptor - STARTING STEP: ParabankStepDefinitions.transfiere - {0} clicks on #target
17:29:30.677 [main] DEBUG net.serenitybdd.screenplay.targets.IFrameSwitcher - default content already selected for Open New Account
17:29:37.073 [main] DEBUG net.serenitybdd.core.photography.Darkroom - Send negative for processing for C:\Users\adria\Desktop\Softka TH\RT\e2eParabank\target\site\serenity\6beca6b1c3d94f52333231451da14790fc82072b76f5e18f5331f411435dbfe2.png
17:29:37.189 [main] DEBUG net.thucydides.core.steps.session.TestSession - SRP:SessionAddEvent: id fb037a81-c581-48de-aa7a-79b9601c29ea EventBusEvent STEP_FAILED_EVENT with net.thucydides.model.steps.StepFailure@34e25492 and 1
17:29:37.190 [main] DEBUG net.thucydides.core.steps.StepInterceptor - SRP:Actor started event in session EventBusEvent WRAPUP_CURRENT_CUCUMBER_STEP_EVENT  Thread[main,5,main]
17:29:37.190 [main] DEBUG net.thucydides.core.steps.session.TestSession - SRP:SessionAddEvent: id fb037a81-c581-48de-aa7a-79b9601c29ea EventBusEvent WRAPUP_CURRENT_CUCUMBER_STEP_EVENT 
17:29:37.191 [main] DEBUG net.thucydides.core.steps.session.TestSession - SRP:SessionAddEvent: id fb037a81-c581-48de-aa7a-79b9601c29ea EventBusEvent UPDATE_OVERALL_EVENTS 
17:29:37.199 [main] DEBUG net.serenitybdd.cucumber.core.plugin.SerenityReporterParallel - SRP:handleTestStepFinished  classpath:features/parabanke2e.feature Thread[main,5,main] fb037a81-c581-48de-aa7a-79b9601c29ea at line 3
17:29:37.317 [main] DEBUG net.serenitybdd.core.photography.Darkroom - Send negative for processing for C:\Users\adria\Desktop\Softka TH\RT\e2eParabank\target\site\serenity\6beca6b1c3d94f52333231451da14790fc82072b76f5e18f5331f411435dbfe2.png
17:29:37.318 [main] DEBUG net.serenitybdd.cucumber.core.plugin.ScenarioContextParallel - SRP:ignored event EventBusEvent STEP_FINISHED_WITH_RESULT with result Result{status=FAILED, duration=6, error=net.thucydides.core.webdriver.exceptions.ElementShouldBePresentException: Expected condition failed: waiting for By.cssSelector: a[href*='openaccount.htm'] to be present (tried for 5 second(s) with 100 milliseconds interval)
Build info: version: '4.39.0', revision: '126f156aee'
System info: os.name: 'Windows 11', os.arch: 'amd64', os.version: '10.0', java.version: '17.0.17'
Driver info: driver.version: unknown} Thread[main,5,main] because current Step has already failed
  &amp#27;[31mâœ˜&amp#27;[39m &amp#27;[31m&amp#27;[1mAnd &amp#27;[22mtransfiere &amp#27;[1m"15.6"&amp#27;[22m desde la primera cuenta a la segunda&amp#27;[39m                   &amp#27;[90m# parabank.stepdefinitions.ParabankStepDefinitions.transfiere(java.lang.String)&amp#27;[39m
        &amp#27;[31mnet.thucydides.core.webdriver.exceptions.ElementShouldBePresentException: Expected condition failed: waiting for By.cssSelector: a[href*='openaccount.htm'] to be present (tried for 5 second(s) with 100 milliseconds interval)&amp#27;[39m
        &amp#27;[31mBuild info: version: '4.39.0', revision: '126f156aee'&amp#27;[39m
        &amp#27;[31mSystem info: os.name: 'Windows 11', os.arch: 'amd64', os.version: '10.0', java.version: '17.0.17'&amp#27;[39m
        &amp#27;[31mDriver info: driver.version: unknown&amp#27;[39m
        &amp#27;[31m	at net.serenitybdd.core.pages.WebElementFacadeImpl.throwShouldBePresentErrorWithCauseIfPresent(WebElementFacadeImpl.java:1038)&amp#27;[39m
        &amp#27;[31m	at net.serenitybdd.core.pages.WebElementFacadeImpl.waitUntilPresent(WebElementFacadeImpl.java:1011)&amp#27;[39m
        &amp#27;[31m	at net.serenitybdd.core.pages.WebElementFacadeImpl.waitUntilElementPresent(WebElementFacadeImpl.java:914)&amp#27;[39m
        &amp#27;[31m	at net.serenitybdd.core.pages.WebElementFacadeImpl.click(WebElementFacadeImpl.java:1223)&amp#27;[39m
        &amp#27;[31m	at net.serenitybdd.screenplay.actions.ClickOnTarget.performAs(ClickOnTarget.java:13)&amp#27;[39m
        &amp#27;[31m	at net.serenitybdd.screenplay.actions.ClickOnTarget$ByteBuddy$aE8rPjKl.performAs$accessor$66QvtmRO(Unknown Source)&amp#27;[39m
        &amp#27;[31m	at java.base/jdk.internal.reflect.NativeMethodAccessorImpl.invoke0(Native Method)&amp#27;[39m
        &amp#27;[31m	at java.base/jdk.internal.reflect.NativeMethodAccessorImpl.invoke(NativeMethodAccessorImpl.java:77)&amp#27;[39m
        &amp#27;[31m	at java.base/jdk.internal.reflect.DelegatingMethodAccessorImpl.invoke(DelegatingMethodAccessorImpl.java:43)&amp#27;[39m
        &amp#27;[31m	at java.base/java.lang.reflect.Method.invoke(Method.java:569)&amp#27;[39m
        &amp#27;[31m	at net.thucydides.core.steps.StepInterceptor.invokeMethod(StepInterceptor.java:545)&amp#27;[39m
        &amp#27;[31m	at net.thucydides.core.steps.StepInterceptor.executeTestStepMethod(StepInterceptor.java:525)&amp#27;[39m
        &amp#27;[31m	at net.thucydides.core.steps.StepInterceptor.runTestStep(StepInterceptor.java:492)&amp#27;[39m
        &amp#27;[31m	at net.thucydides.core.steps.StepInterceptor.runOrSkipMethod(StepInterceptor.java:234)&amp#27;[39m
        &amp#27;[31m	at net.thucydides.core.steps.StepInterceptor.testStepResult(StepInterceptor.java:205)&amp#27;[39m
        &amp#27;[31m	at net.thucydides.core.steps.StepInterceptor.intercept(StepInterceptor.java:93)&amp#27;[39m
        &amp#27;[31m	at net.thucydides.core.steps.ProxyConfiguration$InterceptorDispatcher.intercept(ProxyConfiguration.java:51)&amp#27;[39m
        &amp#27;[31m	at net.serenitybdd.screenplay.actions.ClickOnTarget$ByteBuddy$aE8rPjKl.performAs(Unknown Source)&amp#27;[39m
        &amp#27;[31m	at net.serenitybdd.screenplay.Actor.performTask(Actor.java:299)&amp#27;[39m
        &amp#27;[31m	at net.serenitybdd.screenplay.Actor.perform(Actor.java:274)&amp#27;[39m
        &amp#27;[31m	at net.serenitybdd.screenplay.Actor.attemptsTo(Actor.java:215)&amp#27;[39m
        &amp#27;[31m	at net.serenitybdd.screenplay.Actor.attemptsTo(Actor.java:222)&amp#27;[39m
        &amp#27;[31m	at parabank.stepdefinitions.ParabankStepDefinitions.transfiere(ParabankStepDefinitions.java:72)&amp#27;[39m
        &amp#27;[31m	at âœ½.transfiere "15.6" desde la primera cuenta a la segunda(classpath:features/parabanke2e.feature:6)&amp#27;[39m
        &amp#27;[31mCaused by: org.openqa.selenium.TimeoutException: Expected condition failed: waiting for By.cssSelector: a[href*='openaccount.htm'] to be present (tried for 5 second(s) with 100 milliseconds interval)&amp#27;[39m
        &amp#27;[31mBuild info: version: '4.39.0', revision: '126f156aee'&amp#27;[39m
        &amp#27;[31mSystem info: os.name: 'Windows 11', os.arch: 'amd64', os.version: '10.0', java.version: '17.0.17'&amp#27;[39m
        &amp#27;[31mDriver info: driver.version: unknown&amp#27;[39m
        &amp#27;[31m	at org.openqa.selenium.support.ui.FluentWait.timeoutException(FluentWait.java:265)&amp#27;[39m
        &amp#27;[31m	at org.openqa.selenium.support.ui.FluentWait.until(FluentWait.java:228)&amp#27;[39m
        &amp#27;[31m	at net.serenitybdd.core.pages.WebElementFacadeImpl.waitUntilPresent(WebElementFacadeImpl.java:1008)&amp#27;[39m
        &amp#27;[31m	... 22 more&amp#27;[39m
17:29:37.321 [main] DEBUG net.serenitybdd.cucumber.core.plugin.SerenityReporterParallel - SRP:handleTestStepStarted  classpath:features/parabanke2e.feature Thread[main,5,main] fb037a81-c581-48de-aa7a-79b9601c29ea at line 3
17:29:37.321 [main] DEBUG net.thucydides.core.steps.session.TestSession - SRP:SessionAddEvent: id fb037a81-c581-48de-aa7a-79b9601c29ea EventBusEvent STEP_STARTED_EVENT Then debe ver mensajes de confirmación para retiro y transferencia Then debe ver mensajes de confirmación para retiro y transferencia
17:29:37.322 [main] DEBUG net.thucydides.core.steps.session.TestSession - SRP:SessionAddEvent: id fb037a81-c581-48de-aa7a-79b9601c29ea net.thucydides.core.steps.events.UpdateCurrentStepTitleEvent@51743cc0
17:29:37.322 [main] DEBUG net.serenitybdd.cucumber.core.plugin.SerenityReporterParallel - SRP:handleTestStepFinished  classpath:features/parabanke2e.feature Thread[main,5,main] fb037a81-c581-48de-aa7a-79b9601c29ea at line 3
17:29:37.329 [main] DEBUG net.thucydides.core.steps.session.TestSession - SRP:SessionAddEvent: id fb037a81-c581-48de-aa7a-79b9601c29ea EventBusEvent STEP_FINISHED_WITH_RESULT with result Result{status=SKIPPED, duration=0, error=null}
  &amp#27;[36mâ†·&amp#27;[39m &amp#27;[36m&amp#27;[1mThen &amp#27;[22mdebe ver mensajes de confirmaciÃ³n para retiro y transferencia&amp#27;[39m           &amp#27;[90m# parabank.stepdefinitions.ParabankStepDefinitions.debeVerConfirmaciones()&amp#27;[39m
17:29:37.331 [main] DEBUG net.serenitybdd.cucumber.core.plugin.SerenityReporterParallel - SRP:handleTestCaseFinished  classpath:features/parabanke2e.feature Thread[main,5,main] fb037a81-c581-48de-aa7a-79b9601c29ea at line 3
17:29:37.334 [main] DEBUG net.thucydides.core.steps.session.TestSession - SRP:SessionAddEvent: id fb037a81-c581-48de-aa7a-79b9601c29ea net.thucydides.core.steps.events.TestFailedEvent@4f20b022
17:29:37.334 [main] DEBUG net.thucydides.core.steps.session.TestSession - SRP:SessionEnd: id fb037a81-c581-48de-aa7a-79b9601c29ea
]]></system-out>
    <system-err><![CDATA[feb. 04, 2026 5:29:19 P. M. org.junit.platform.launcher.core.DiscoveryIssueNotifier logIssues
ADVERTENCIA: TestEngine with ID 'junit-platform-suite' encountered a non-critical issue during test discovery:

(1) [WARNING] [cucumber] The classpath resource selector 'features' should not be used to select features in a package. Use the package selector with 'features' instead (via @Suite parabank.runners.CucumberTestSuite).
feb. 04, 2026 5:29:22 P. M. org.openqa.selenium.devtools.CdpVersionFinder findNearestMatch
ADVERTENCIA: Unable to find an exact match for CDP version 144, returning the closest version; found: 143; Please update to a Selenium version that supports CDP version 144
]]></system-err>
  </testcase>
</testsuite>